#
# A fatal error has been detected by the Java Runtime Environment:
#
#  EXCEPTION_ACCESS_VIOLATION (0xc0000005) at pc=0x0000000002c66e7f, pid=15392, tid=0x0000000000002680
#
# JRE version: Java(TM) SE Runtime Environment (8.0_221-b11) (build 1.8.0_221-b11)
# Java VM: Java HotSpot(TM) 64-Bit Server VM (25.221-b11 mixed mode windows-amd64 compressed oops)
# Problematic frame:
# j  weblogic.jsp.internal.CPL.getBinaryDirs()Ljava/util/List;+30
#
# Failed to write core dump. Minidumps are not enabled by default on client versions of Windows
#
# If you would like to submit a bug report, please visit:
#   http://bugreport.java.com/bugreport/crash.jsp
#

---------------  T H R E A D  ---------------

Current thread (0x000000001d616000):  JavaThread "Javelin Worker-4" daemon [_thread_in_Java, id=9856, stack(0x000000001eb80000,0x000000001ec80000)]

siginfo: ExceptionCode=0xc0000005, reading address 0x00000003002423e0

Registers:
RAX=0x00000001002420e0, RBX=0x0000000000000041, RCX=0x0000000000000030, RDX=0x00000003002423b0
RSP=0x000000001ec7f6c8, RBP=0x000000001ec7f708, RSI=0x00000000000000ce, RDI=0x00000000fffffea3
R8 =0x0000000000000375, R9 =0x00000000f6fcdba0, R10=0x0000000067ea06f0, R11=0x0000000000000376
R12=0x0000000000000000, R13=0x000000001aacfb77, R14=0x000000001ec7f738, R15=0x000000001d616000
RIP=0x0000000002c66e7f, EFLAGS=0x0000000000010202

Top of Stack: (sp=0x000000001ec7f6c8)
0x000000001ec7f6c8:   000000001ec7f6c8 000000001aacfb6e
0x000000001ec7f6d8:   000000001ec7f738 000000001aad1a48
0x000000001ec7f6e8:   0000000000000000 000000001aacfbd8
0x000000001ec7f6f8:   0000000000000000 000000001ec7f738
0x000000001ec7f708:   000000001ec7f780 0000000002c480e0
0x000000001ec7f718:   00000000e0ba0db0 00000000f6fceae0
0x000000001ec7f728:   00000000f6fcdb88 00000000f6fcdb70
0x000000001ec7f738:   00000000e0a02268 000000001ec7f740
0x000000001ec7f748:   000000001aad1061 000000001ec7f7a8
0x000000001ec7f758:   000000001aad1a48 0000000000000000
0x000000001ec7f768:   000000001aad10b8 000000001ec7f738
0x000000001ec7f778:   000000001ec7f7a8 000000001ec7f7f0
0x000000001ec7f788:   0000000002c4835d 0000000000000000
0x000000001ec7f798:   0000000000000000 0000000000000000
0x000000001ec7f7a8:   00000000e0a02268 000000001ec7f7b0
0x000000001ec7f7b8:   000000001aac8450 000000001ec7f818 

Instructions: (pc=0x0000000002c66e7f)
0x0000000002c66e5f:   89 51 10 bf 01 00 00 00 48 89 79 18 48 83 c1 30
0x0000000002c66e6f:   48 89 4d e0 48 3b d0 0f 84 59 00 00 00 8b 48 0c
0x0000000002c66e7f:   48 3b 04 0a 0f 84 4c 00 00 00 83 f9 18 0f 85 22
0x0000000002c66e8f:   00 00 00 50 48 8b c0 57 48 8b 7a 20 8b 0f 48 83 


Register to memory mapping:

RAX=0x00000001002420e0 is pointing into metadata
RBX=0x0000000000000041 is an unknown value
RCX=0x0000000000000030 is an unknown value
RDX=0x00000003002423b0 is an unknown value
RSP=0x000000001ec7f6c8 is pointing into the stack for thread: 0x000000001d616000
RBP=0x000000001ec7f708 is pointing into the stack for thread: 0x000000001d616000
RSI=0x00000000000000ce is an unknown value
RDI=0x00000000fffffea3 is an unknown value
R8 =0x0000000000000375 is an unknown value
R9 =0x00000000f6fcdba0 is an oop
[Ljava.lang.Object; 
 - klass: 'java/lang/Object'[]
 - length: 971
R10=0x0000000067ea06f0 is an unknown value
R11=0x0000000000000376 is an unknown value
R12=0x0000000000000000 is an unknown value
R13=0x000000001aacfb77 is pointing into metadata
R14=0x000000001ec7f738 is pointing into the stack for thread: 0x000000001d616000
R15=0x000000001d616000 is a thread


Stack: [0x000000001eb80000,0x000000001ec80000],  sp=0x000000001ec7f6c8,  free space=1021k
Native frames: (J=compiled Java code, j=interpreted, Vv=VM code, C=native code)
C  0x0000000002c66e7f


---------------  P R O C E S S  ---------------

Java Threads: ( => current thread )
=>0x000000001d616000 JavaThread "Javelin Worker-4" daemon [_thread_in_Java, id=9856, stack(0x000000001eb80000,0x000000001ec80000)]
  0x00000000184f1800 JavaThread "ImmediateThread-1629847565266" daemon [_thread_blocked, id=18156, stack(0x0000000019150000,0x0000000019250000)]
  0x00000000162d5800 JavaThread "Service Thread" daemon [_thread_blocked, id=23856, stack(0x000000001b710000,0x000000001b810000)]
  0x00000000162c6000 JavaThread "C1 CompilerThread3" daemon [_thread_blocked, id=18592, stack(0x000000001b610000,0x000000001b710000)]
  0x00000000162c0000 JavaThread "C2 CompilerThread2" daemon [_thread_blocked, id=22284, stack(0x000000001b510000,0x000000001b610000)]
  0x00000000162be000 JavaThread "C2 CompilerThread1" daemon [_thread_blocked, id=21192, stack(0x000000001b410000,0x000000001b510000)]
  0x00000000162bb000 JavaThread "C2 CompilerThread0" daemon [_thread_blocked, id=18264, stack(0x000000001b310000,0x000000001b410000)]
  0x00000000162ba000 JavaThread "Attach Listener" daemon [_thread_blocked, id=15144, stack(0x000000001b210000,0x000000001b310000)]
  0x00000000162b9000 JavaThread "Signal Dispatcher" daemon [_thread_blocked, id=18116, stack(0x000000001b110000,0x000000001b210000)]
  0x00000000162b1000 JavaThread "Finalizer" daemon [_thread_blocked, id=20168, stack(0x0000000016790000,0x0000000016890000)]
  0x00000000162b0800 JavaThread "Reference Handler" daemon [_thread_blocked, id=5684, stack(0x0000000016690000,0x0000000016790000)]
  0x0000000002b42800 JavaThread "main" [_thread_blocked, id=20976, stack(0x0000000002a00000,0x0000000002b00000)]

Other Threads:
  0x00000000144a9800 VMThread [stack: 0x0000000016190000,0x0000000016290000] [id=11496]
  0x00000000162d6800 WatcherThread [stack: 0x000000001b810000,0x000000001b910000] [id=11832]

VM state:synchronizing (normal execution)

VM Mutex/Monitor currently owned by a thread:  ([mutex/lock_event])
[0x0000000002b2ddf0] Safepoint_lock - owner thread: 0x00000000144a9800
[0x0000000002b2db70] Threads_lock - owner thread: 0x00000000144a9800
[0x0000000002b2e170] Heap_lock - owner thread: 0x0000000002b42800

heap address: 0x00000000e0000000, size: 512 MB, Compressed Oops mode: 32-bit
Narrow klass base: 0x0000000000000000, Narrow klass shift: 3
Compressed class space size: 1073741824 Address: 0x0000000100000000

Heap:
 PSYoungGen      total 157696K, used 153227K [0x00000000f5580000, 0x0000000100000000, 0x0000000100000000)
  eden space 141824K, 100% used [0x00000000f5580000,0x00000000fe000000,0x00000000fe000000)
  from space 15872K, 71% used [0x00000000fe000000,0x00000000feb22f40,0x00000000fef80000)
  to   space 16896K, 0% used [0x00000000fef80000,0x00000000fef80000,0x0000000100000000)
 ParOldGen       total 87552K, used 36433K [0x00000000e0000000, 0x00000000e5580000, 0x00000000f5580000)
  object space 87552K, 41% used [0x00000000e0000000,0x00000000e2394430,0x00000000e5580000)
 Metaspace       used 30788K, capacity 31124K, committed 31360K, reserved 1077248K
  class space    used 3103K, capacity 3188K, committed 3200K, reserved 1048576K

Card table byte_map: [0x0000000012000000,0x0000000012110000] byte_map_base: 0x0000000011900000

Marking Bits: (ParMarkBitMap*) 0x0000000067eb5ce0
 Begin Bits: [0x00000000129c0000, 0x00000000131c0000)
 End Bits:   [0x00000000131c0000, 0x00000000139c0000)

Polling page: 0x0000000001220000

CodeCache: size=245760Kb used=16639Kb max_used=16639Kb free=229120Kb
 bounds [0x0000000002c40000, 0x0000000003ca0000, 0x0000000011c40000]
 total_blobs=4707 nmethods=4252 adapters=367
 compilation: enabled

Compilation events (10 events):
Event: 8.293 Thread 0x00000000162c0000 nmethod 4700 0x0000000003b93e50 code [0x0000000003b94120, 0x0000000003b958c8]
Event: 8.298 Thread 0x00000000162c6000 4816       3       java.util.HashMap::values (25 bytes)
Event: 8.299 Thread 0x00000000162c6000 nmethod 4816 0x0000000003b7b410 code [0x0000000003b7b580, 0x0000000003b7b8b0]
Event: 8.299 Thread 0x00000000162c6000 4817       3       java.util.HashMap$Values::iterator (12 bytes)
Event: 8.299 Thread 0x00000000162c6000 nmethod 4817 0x0000000003b7af50 code [0x0000000003b7b0c0, 0x0000000003b7b328]
Event: 8.299 Thread 0x00000000162c6000 4818       3       java.util.HashMap$ValueIterator::<init> (11 bytes)
Event: 8.299 Thread 0x00000000162c6000 nmethod 4818 0x0000000003b7ab90 code [0x0000000003b7ad00, 0x0000000003b7aea8]
Event: 8.299 Thread 0x00000000162bb000 4819       4       java.util.ArrayDeque::poll (5 bytes)
Event: 8.299 Thread 0x00000000162c0000 4820       4       java.util.ArrayDeque::pollFirst (42 bytes)
Event: 8.299 Thread 0x00000000162c6000 4821   !   3       com.bea.core.repackaged.jdt.internal.compiler.batch.ClasspathJar::reset (59 bytes)

GC Heap History (10 events):
Event: 6.757 GC heap before
{Heap before GC invocations=12 (full 1):
 PSYoungGen      total 158208K, used 154940K [0x00000000f5580000, 0x0000000100000000, 0x0000000100000000)
  eden space 142848K, 100% used [0x00000000f5580000,0x00000000fe100000,0x00000000fe100000)
  from space 15360K, 78% used [0x00000000ff100000,0x00000000ffccf268,0x0000000100000000)
  to   space 15872K, 0% used [0x00000000fe100000,0x00000000fe100000,0x00000000ff080000)
 ParOldGen       total 87552K, used 15976K [0x00000000e0000000, 0x00000000e5580000, 0x00000000f5580000)
  object space 87552K, 18% used [0x00000000e0000000,0x00000000e0f9a138,0x00000000e5580000)
 Metaspace       used 24851K, capacity 25154K, committed 25344K, reserved 1071104K
  class space    used 2702K, capacity 2801K, committed 2816K, reserved 1048576K
Event: 6.763 GC heap after
Heap after GC invocations=12 (full 1):
 PSYoungGen      total 145920K, used 2997K [0x00000000f5580000, 0x0000000100000000, 0x0000000100000000)
  eden space 142848K, 0% used [0x00000000f5580000,0x00000000f5580000,0x00000000fe100000)
  from space 3072K, 97% used [0x00000000fe100000,0x00000000fe3ed640,0x00000000fe400000)
  to   space 16384K, 0% used [0x00000000ff000000,0x00000000ff000000,0x0000000100000000)
 ParOldGen       total 87552K, used 26705K [0x00000000e0000000, 0x00000000e5580000, 0x00000000f5580000)
  object space 87552K, 30% used [0x00000000e0000000,0x00000000e1a146c8,0x00000000e5580000)
 Metaspace       used 24851K, capacity 25154K, committed 25344K, reserved 1071104K
  class space    used 2702K, capacity 2801K, committed 2816K, reserved 1048576K
}
Event: 6.867 GC heap before
{Heap before GC invocations=13 (full 1):
 PSYoungGen      total 145920K, used 145845K [0x00000000f5580000, 0x0000000100000000, 0x0000000100000000)
  eden space 142848K, 100% used [0x00000000f5580000,0x00000000fe100000,0x00000000fe100000)
  from space 3072K, 97% used [0x00000000fe100000,0x00000000fe3ed640,0x00000000fe400000)
  to   space 16384K, 0% used [0x00000000ff000000,0x00000000ff000000,0x0000000100000000)
 ParOldGen       total 87552K, used 26705K [0x00000000e0000000, 0x00000000e5580000, 0x00000000f5580000)
  object space 87552K, 30% used [0x00000000e0000000,0x00000000e1a146c8,0x00000000e5580000)
 Metaspace       used 25932K, capacity 26216K, committed 26496K, reserved 1073152K
  class space    used 2803K, capacity 2898K, committed 2944K, reserved 1048576K
Event: 6.869 GC heap after
Heap after GC invocations=13 (full 1):
 PSYoungGen      total 158208K, used 2161K [0x00000000f5580000, 0x0000000100000000, 0x0000000100000000)
  eden space 141824K, 0% used [0x00000000f5580000,0x00000000f5580000,0x00000000fe000000)
  from space 16384K, 13% used [0x00000000ff000000,0x00000000ff21c4d8,0x0000000100000000)
  to   space 16384K, 0% used [0x00000000fe000000,0x00000000fe000000,0x00000000ff000000)
 ParOldGen       total 87552K, used 28832K [0x00000000e0000000, 0x00000000e5580000, 0x00000000f5580000)
  object space 87552K, 32% used [0x00000000e0000000,0x00000000e1c28328,0x00000000e5580000)
 Metaspace       used 25932K, capacity 26216K, committed 26496K, reserved 1073152K
  class space    used 2803K, capacity 2898K, committed 2944K, reserved 1048576K
}
Event: 6.976 GC heap before
{Heap before GC invocations=14 (full 1):
 PSYoungGen      total 158208K, used 143985K [0x00000000f5580000, 0x0000000100000000, 0x0000000100000000)
  eden space 141824K, 100% used [0x00000000f5580000,0x00000000fe000000,0x00000000fe000000)
  from space 16384K, 13% used [0x00000000ff000000,0x00000000ff21c4d8,0x0000000100000000)
  to   space 16384K, 0% used [0x00000000fe000000,0x00000000fe000000,0x00000000ff000000)
 ParOldGen       total 87552K, used 28832K [0x00000000e0000000, 0x00000000e5580000, 0x00000000f5580000)
  object space 87552K, 32% used [0x00000000e0000000,0x00000000e1c28328,0x00000000e5580000)
 Metaspace       used 27173K, capacity 27496K, committed 27904K, reserved 1075200K
  class space    used 2883K, capacity 2962K, committed 3072K, reserved 1048576K
Event: 6.979 GC heap after
Heap after GC invocations=14 (full 1):
 PSYoungGen      total 158208K, used 3953K [0x00000000f5580000, 0x0000000100000000, 0x0000000100000000)
  eden space 141824K, 0% used [0x00000000f5580000,0x00000000f5580000,0x00000000fe000000)
  from space 16384K, 24% used [0x00000000fe000000,0x00000000fe3dc750,0x00000000ff000000)
  to   space 16384K, 0% used [0x00000000ff000000,0x00000000ff000000,0x0000000100000000)
 ParOldGen       total 87552K, used 30104K [0x00000000e0000000, 0x00000000e5580000, 0x00000000f5580000)
  object space 87552K, 34% used [0x00000000e0000000,0x00000000e1d66008,0x00000000e5580000)
 Metaspace       used 27173K, capacity 27496K, committed 27904K, reserved 1075200K
  class space    used 2883K, capacity 2962K, committed 3072K, reserved 1048576K
}
Event: 7.144 GC heap before
{Heap before GC invocations=15 (full 1):
 PSYoungGen      total 158208K, used 145777K [0x00000000f5580000, 0x0000000100000000, 0x0000000100000000)
  eden space 141824K, 100% used [0x00000000f5580000,0x00000000fe000000,0x00000000fe000000)
  from space 16384K, 24% used [0x00000000fe000000,0x00000000fe3dc750,0x00000000ff000000)
  to   space 16384K, 0% used [0x00000000ff000000,0x00000000ff000000,0x0000000100000000)
 ParOldGen       total 87552K, used 30104K [0x00000000e0000000, 0x00000000e5580000, 0x00000000f5580000)
  object space 87552K, 34% used [0x00000000e0000000,0x00000000e1d66008,0x00000000e5580000)
 Metaspace       used 27228K, capacity 27508K, committed 27904K, reserved 1075200K
  class space    used 2887K, capacity 2964K, committed 3072K, reserved 1048576K
Event: 7.148 GC heap after
Heap after GC invocations=15 (full 1):
 PSYoungGen      total 157184K, used 3422K [0x00000000f5580000, 0x00000000fff00000, 0x0000000100000000)
  eden space 141824K, 0% used [0x00000000f5580000,0x00000000f5580000,0x00000000fe000000)
  from space 15360K, 22% used [0x00000000ff000000,0x00000000ff357ad0,0x00000000fff00000)
  to   space 15872K, 0% used [0x00000000fe000000,0x00000000fe000000,0x00000000fef80000)
 ParOldGen       total 87552K, used 33122K [0x00000000e0000000, 0x00000000e5580000, 0x00000000f5580000)
  object space 87552K, 37% used [0x00000000e0000000,0x00000000e2058b30,0x00000000e5580000)
 Metaspace       used 27228K, capacity 27508K, committed 27904K, reserved 1075200K
  class space    used 2887K, capacity 2964K, committed 3072K, reserved 1048576K
}
Event: 8.148 GC heap before
{Heap before GC invocations=16 (full 1):
 PSYoungGen      total 157184K, used 145246K [0x00000000f5580000, 0x00000000fff00000, 0x0000000100000000)
  eden space 141824K, 100% used [0x00000000f5580000,0x00000000fe000000,0x00000000fe000000)
  from space 15360K, 22% used [0x00000000ff000000,0x00000000ff357ad0,0x00000000fff00000)
  to   space 15872K, 0% used [0x00000000fe000000,0x00000000fe000000,0x00000000fef80000)
 ParOldGen       total 87552K, used 33122K [0x00000000e0000000, 0x00000000e5580000, 0x00000000f5580000)
  object space 87552K, 37% used [0x00000000e0000000,0x00000000e2058b30,0x00000000e5580000)
 Metaspace       used 30031K, capacity 30292K, committed 30592K, reserved 1077248K
  class space    used 3057K, capacity 3124K, committed 3200K, reserved 1048576K
Event: 8.155 GC heap after
Heap after GC invocations=16 (full 1):
 PSYoungGen      total 157696K, used 11403K [0x00000000f5580000, 0x0000000100000000, 0x0000000100000000)
  eden space 141824K, 0% used [0x00000000f5580000,0x00000000f5580000,0x00000000fe000000)
  from space 15872K, 71% used [0x00000000fe000000,0x00000000feb22f40,0x00000000fef80000)
  to   space 16896K, 0% used [0x00000000fef80000,0x00000000fef80000,0x0000000100000000)
 ParOldGen       total 87552K, used 36433K [0x00000000e0000000, 0x00000000e5580000, 0x00000000f5580000)
  object space 87552K, 41% used [0x00000000e0000000,0x00000000e2394430,0x00000000e5580000)
 Metaspace       used 30031K, capacity 30292K, committed 30592K, reserved 1077248K
  class space    used 3057K, capacity 3124K, committed 3200K, reserved 1048576K
}

Deoptimization events (10 events):
Event: 8.033 Thread 0x000000001d612000 Uncommon trap: reason=bimorphic action=maybe_recompile pc=0x000000000322aef0 method=java.util.Hashtable.put(Ljava/lang/Object;Ljava/lang/Object;)Ljava/lang/Object; @ 18
Event: 8.057 Thread 0x000000001d612800 Uncommon trap: reason=unstable_if action=reinterpret pc=0x000000000378c928 method=com.bea.core.repackaged.jdt.internal.compiler.lookup.TypeBinding.notEquals(Lcom/bea/core/repackaged/jdt/internal/compiler/lookup/TypeBinding;Lcom/bea/core/repackaged/jdt/int
Event: 8.058 Thread 0x000000001d612000 Uncommon trap: reason=unstable_if action=reinterpret pc=0x0000000002e1dc60 method=sun.nio.cs.UTF_8$Decoder.decode([BII[C)I @ 90
Event: 8.058 Thread 0x000000001d615800 Uncommon trap: reason=unstable_if action=reinterpret pc=0x0000000002dc1a48 method=sun.nio.cs.UTF_8$Decoder.decode([BII[C)I @ 30
Event: 8.110 Thread 0x000000001d617000 Uncommon trap: reason=unstable_if action=reinterpret pc=0x0000000002d5eb0c method=sun.nio.cs.UTF_8$Decoder.decodeArrayLoop(Ljava/nio/ByteBuffer;Ljava/nio/CharBuffer;)Ljava/nio/charset/CoderResult; @ 167
Event: 8.111 Thread 0x000000001d617000 Uncommon trap: reason=class_check action=maybe_recompile pc=0x0000000002e783c8 method=weblogic.jsp.internal.text.LineInfo.<init>(Lweblogic/jsp/compiler/ITextBuffer;)V @ 19
Event: 8.173 Thread 0x000000001d617000 Uncommon trap: reason=class_check action=maybe_recompile pc=0x000000000354bdf0 method=com.sun.org.apache.xerces.internal.impl.XMLDocumentFragmentScannerImpl.scanDocument(Z)Z @ 117
Event: 8.173 Thread 0x000000001d617000 Uncommon trap: reason=unstable_if action=reinterpret pc=0x00000000034d8048 method=com.sun.org.apache.xerces.internal.impl.XMLEntityScanner.scanChar(Lcom/sun/org/apache/xerces/internal/impl/XMLScanner$NameType;)I @ 65
Event: 8.186 Thread 0x000000001d617000 Uncommon trap: reason=unloaded action=reinterpret pc=0x0000000003782ec0 method=com.bea.core.repackaged.jdt.internal.compiler.parser.Parser.consumeToken(I)V @ 1170
Event: 8.187 Thread 0x000000001d617000 Uncommon trap: reason=unstable_if action=reinterpret pc=0x000000000372a4c4 method=com.bea.core.repackaged.jdt.internal.compiler.parser.Scanner.getNextToken0()I @ 980

Classes redefined (0 events):
No events

Internal exceptions (10 events):
Event: 8.160 Thread 0x000000001d617000 Exception <a 'java/lang/ClassNotFoundException': org/apache/myfaces/trinidad/webapp/UIXComponentELTagBeanInfo> (0x00000000f59c1540) thrown at [C:\re\workspace\8-2-build-windows-amd64-cygwin\jdk8u221\13320\hotspot\src\share\vm\classfile\systemDictionary.cp
Event: 8.161 Thread 0x000000001d617000 Exception <a 'java/lang/ClassNotFoundException': javax/faces/webapp/UIComponentELTagBeanInfo> (0x00000000f5a757b0) thrown at [C:\re\workspace\8-2-build-windows-amd64-cygwin\jdk8u221\13320\hotspot\src\share\vm\classfile\systemDictionary.cpp, line 210]
Event: 8.161 Thread 0x000000001d617000 Exception <a 'java/lang/ClassNotFoundException': javax/faces/webapp/UIComponentClassicTagBaseBeanInfo> (0x00000000f5b40938) thrown at [C:\re\workspace\8-2-build-windows-amd64-cygwin\jdk8u221\13320\hotspot\src\share\vm\classfile\systemDictionary.cpp, line 
Event: 8.162 Thread 0x000000001d617000 Exception <a 'java/lang/ClassNotFoundException': javax/faces/webapp/UIComponentTagBaseBeanInfo> (0x00000000f5bf7c30) thrown at [C:\re\workspace\8-2-build-windows-amd64-cygwin\jdk8u221\13320\hotspot\src\share\vm\classfile\systemDictionary.cpp, line 210]
Event: 8.163 Thread 0x000000001d617000 Exception <a 'java/lang/ClassNotFoundException': javax/faces/webapp/UIComponentTagBaseCustomizer> (0x00000000f5cb4650) thrown at [C:\re\workspace\8-2-build-windows-amd64-cygwin\jdk8u221\13320\hotspot\src\share\vm\classfile\systemDictionary.cpp, line 210]
Event: 8.164 Thread 0x000000001d617000 Exception <a 'java/lang/ClassNotFoundException': javax/faces/webapp/UIComponentClassicTagBaseCustomizer> (0x00000000f5d878e8) thrown at [C:\re\workspace\8-2-build-windows-amd64-cygwin\jdk8u221\13320\hotspot\src\share\vm\classfile\systemDictionary.cpp, lin
Event: 8.165 Thread 0x000000001d617000 Exception <a 'java/lang/ClassNotFoundException': javax/faces/webapp/UIComponentELTagCustomizer> (0x00000000f5e4f2f0) thrown at [C:\re\workspace\8-2-build-windows-amd64-cygwin\jdk8u221\13320\hotspot\src\share\vm\classfile\systemDictionary.cpp, line 210]
Event: 8.166 Thread 0x000000001d617000 Exception <a 'java/lang/ClassNotFoundException': org/apache/myfaces/trinidad/webapp/UIXComponentELTagCustomizer> (0x00000000f5f944b0) thrown at [C:\re\workspace\8-2-build-windows-amd64-cygwin\jdk8u221\13320\hotspot\src\share\vm\classfile\systemDictionary.
Event: 8.167 Thread 0x000000001d617000 Exception <a 'java/lang/ClassNotFoundException': org/apache/myfaces/trinidadinternal/taglib/UIXCommandTagCustomizer> (0x00000000f60e95f8) thrown at [C:\re\workspace\8-2-build-windows-amd64-cygwin\jdk8u221\13320\hotspot\src\share\vm\classfile\systemDiction
Event: 8.168 Thread 0x000000001d617000 Exception <a 'java/lang/ClassNotFoundException': oracle/adfinternal/view/faces/unified/taglib/nav/UnifiedButtonTagCustomizer> (0x00000000f626e2e0) thrown at [C:\re\workspace\8-2-build-windows-amd64-cygwin\jdk8u221\13320\hotspot\src\share\vm\classfile\syst

Events (10 events):
Event: 8.299 Thread 0x000000001d611800 Thread exited: 0x000000001d611800
Event: 8.299 Thread 0x000000001d612800 Thread exited: 0x000000001d612800
Event: 8.299 Thread 0x000000001d612000 Thread exited: 0x000000001d612000
Event: 8.299 Thread 0x000000001d615800 Thread exited: 0x000000001d615800
Event: 8.299 Executing VM operation: RevokeBias
Event: 8.299 Executing VM operation: RevokeBias done
Event: 8.299 Executing VM operation: RevokeBias
Event: 8.299 Executing VM operation: RevokeBias done
Event: 8.299 Executing VM operation: RevokeBias
Event: 8.299 Executing VM operation: RevokeBias done


Dynamic libraries:
0x00007ff6dc050000 - 0x00007ff6dc087000 	D:\java\jdk1.8.0_221\jre\bin\javaw.exe
0x00007ffc6a6d0000 - 0x00007ffc6a8c5000 	C:\Windows\SYSTEM32\ntdll.dll
0x00007ffc699e0000 - 0x00007ffc69a9d000 	C:\Windows\System32\KERNEL32.DLL
0x00007ffc68050000 - 0x00007ffc68318000 	C:\Windows\System32\KERNELBASE.dll
0x00007ffc69170000 - 0x00007ffc6921c000 	C:\Windows\System32\ADVAPI32.dll
0x00007ffc69bb0000 - 0x00007ffc69c4e000 	C:\Windows\System32\msvcrt.dll
0x00007ffc693e0000 - 0x00007ffc6947b000 	C:\Windows\System32\sechost.dll
0x00007ffc68800000 - 0x00007ffc6892b000 	C:\Windows\System32\RPCRT4.dll
0x00007ffc68960000 - 0x00007ffc68b00000 	C:\Windows\System32\USER32.dll
0x00007ffc68020000 - 0x00007ffc68042000 	C:\Windows\System32\win32u.dll
0x00007ffc68930000 - 0x00007ffc6895a000 	C:\Windows\System32\GDI32.dll
0x00007ffc68420000 - 0x00007ffc6852b000 	C:\Windows\System32\gdi32full.dll
0x00007ffc68530000 - 0x00007ffc685cd000 	C:\Windows\System32\msvcp_win.dll
0x00007ffc68320000 - 0x00007ffc68420000 	C:\Windows\System32\ucrtbase.dll
0x00007ffc4e770000 - 0x00007ffc4ea0a000 	C:\Windows\WinSxS\amd64_microsoft.windows.common-controls_6595b64144ccf1df_6.0.19041.844_none_ca00b6081b84eb1d\COMCTL32.dll
0x00007ffc69b80000 - 0x00007ffc69bb0000 	C:\Windows\System32\IMM32.DLL
0x0000000067400000 - 0x00000000674d2000 	D:\java\jdk1.8.0_221\jre\bin\msvcr100.dll
0x0000000067690000 - 0x0000000067f35000 	D:\java\jdk1.8.0_221\jre\bin\server\jvm.dll
0x00007ffc687f0000 - 0x00007ffc687f8000 	C:\Windows\System32\PSAPI.DLL
0x00007ffc502d0000 - 0x00007ffc502d9000 	C:\Windows\SYSTEM32\WSOCK32.dll
0x00007ffc646d0000 - 0x00007ffc646da000 	C:\Windows\SYSTEM32\VERSION.dll
0x00007ffc4fd10000 - 0x00007ffc4fd37000 	C:\Windows\SYSTEM32\WINMM.dll
0x00007ffc69220000 - 0x00007ffc6928b000 	C:\Windows\System32\WS2_32.dll
0x00007ffc43f60000 - 0x00007ffc43f6f000 	D:\java\jdk1.8.0_221\jre\bin\verify.dll
0x00007ffc42aa0000 - 0x00007ffc42ac9000 	D:\java\jdk1.8.0_221\jre\bin\java.dll
0x00007ffc431f0000 - 0x00007ffc43206000 	D:\java\jdk1.8.0_221\jre\bin\zip.dll
0x00007ffc69f40000 - 0x00007ffc6a682000 	C:\Windows\System32\SHELL32.dll
0x00007ffc66010000 - 0x00007ffc667a0000 	C:\Windows\SYSTEM32\windows.storage.dll
0x00007ffc69550000 - 0x00007ffc698a5000 	C:\Windows\System32\combase.dll
0x00007ffc67730000 - 0x00007ffc6775c000 	C:\Windows\SYSTEM32\Wldp.dll
0x00007ffc69e90000 - 0x00007ffc69f3e000 	C:\Windows\System32\SHCORE.dll
0x00007ffc68790000 - 0x00007ffc687e5000 	C:\Windows\System32\shlwapi.dll
0x00007ffc67d50000 - 0x00007ffc67d6f000 	C:\Windows\SYSTEM32\profapi.dll
0x00007ffc3b5f0000 - 0x00007ffc3b65a000 	C:\Program Files\Manufacturer\Endpoint Agent\prntm64.dll
0x00007ffc698b0000 - 0x00007ffc699da000 	C:\Windows\System32\ole32.dll
0x00007ffc4e190000 - 0x00007ffc4e21e000 	C:\Windows\SYSTEM32\WINSPOOL.DRV
0x00007ffc54920000 - 0x00007ffc5492c000 	C:\Windows\SYSTEM32\Secur32.dll
0x00007ffc69480000 - 0x00007ffc6954d000 	C:\Windows\System32\OLEAUT32.dll
0x00007ffc50ea0000 - 0x00007ffc50f8f000 	C:\Windows\SYSTEM32\MSVCR120.dll
0x00007ffc50fc0000 - 0x00007ffc51066000 	C:\Windows\SYSTEM32\MSVCP120.dll
0x00007ffc67d00000 - 0x00007ffc67d31000 	C:\Windows\SYSTEM32\SSPICLI.DLL
0x00007ffc429e0000 - 0x00007ffc429fa000 	D:\java\jdk1.8.0_221\jre\bin\net.dll
0x00007ffc5c080000 - 0x00007ffc5c26e000 	C:\Windows\SYSTEM32\urlmon.dll
0x00007ffc5c830000 - 0x00007ffc5cae0000 	C:\Windows\SYSTEM32\iertutil.dll
0x00007ffc674c0000 - 0x00007ffc6752a000 	C:\Windows\system32\mswsock.dll
0x00007ffc4af60000 - 0x00007ffc4af77000 	C:\Windows\system32\napinsp.dll
0x00007ffc68650000 - 0x00007ffc686d0000 	C:\Windows\System32\bcryptPrimitives.dll
0x00007ffc4afa0000 - 0x00007ffc4afbb000 	C:\Windows\system32\pnrpnsp.dll
0x00007ffc4af80000 - 0x00007ffc4af95000 	C:\Windows\system32\wshbth.dll
0x00007ffc64710000 - 0x00007ffc6472d000 	C:\Windows\system32\NLAapi.dll
0x00007ffc671d0000 - 0x00007ffc6720b000 	C:\Windows\SYSTEM32\IPHLPAPI.DLL
0x00007ffc67210000 - 0x00007ffc672dc000 	C:\Windows\SYSTEM32\DNSAPI.dll
0x00007ffc69290000 - 0x00007ffc69298000 	C:\Windows\System32\NSI.dll
0x00007ffc4afc0000 - 0x00007ffc4afd2000 	C:\Windows\System32\winrnr.dll
0x00007ffc61d60000 - 0x00007ffc61d6a000 	C:\Windows\System32\rasadhlp.dll
0x00007ffc64d10000 - 0x00007ffc64d8f000 	C:\Windows\System32\fwpuclnt.dll
0x00007ffc68620000 - 0x00007ffc68647000 	C:\Windows\System32\bcrypt.dll
0x00007ffc4fd40000 - 0x00007ffc4ff24000 	C:\Windows\SYSTEM32\dbghelp.dll

VM Arguments:
jvm_args: -Xms128m -Xmx512m -XX:MaxPermSize=128m -Xverify:none -Dweblogic.jsp.diagnosticWithAbsolutePath=true -Dweblogic.classloader.noJarSigners=true 
java_command: weblogic.appc @C:\Users\JAMELC~1\AppData\Local\Temp\appcCommandList464892515157280736.txt
java_class_path (initial): D:\java\jdk1.8.0_221\lib\tools.jar;D:\oracle\middleware12.2.1.2.0_adf\wlserver\server\lib\weblogic.jar
Launcher Type: SUN_STANDARD

Environment Variables:
PATH=C:\Program Files (x86)\Common Files\Oracle\Java\javapath;C:\app\product\11.2.0\client_1\bin;C:\Windows\system32;C:\Windows;C:\Windows\System32\Wbem;C:\Windows\System32\WindowsPowerShell\v1.0\;C:\Windows\System32\OpenSSH\;C:\Program Files (x86)\Intel\Intel(R) Management Engine Components\DAL;C:\Program Files\Intel\Intel(R) Management Engine Components\DAL;C:\Users\jamelchor\AppData\Local\Microsoft\WindowsApps;
USERNAME=jamelchor
OS=Windows_NT
PROCESSOR_IDENTIFIER=Intel64 Family 6 Model 158 Stepping 10, GenuineIntel



---------------  S Y S T E M  ---------------

OS: Windows 10.0 , 64 bit Build 19041 (10.0.19041.928)

CPU:total 8 (initial active 8) (6 cores per cpu, 2 threads per core) family 6 model 158 stepping 10, cmov, cx8, fxsr, mmx, sse, sse2, sse3, ssse3, sse4.1, sse4.2, popcnt, avx, avx2, aes, clmul, erms, rtm, 3dnowpref, lzcnt, ht, tsc, tscinvbit, bmi1, bmi2, adx

Memory: 4k page, physical 16087220k(6001124k free), swap 32340148k(18546020k free)

vm_info: Java HotSpot(TM) 64-Bit Server VM (25.221-b11) for windows-amd64 JRE (1.8.0_221-b11), built on Jul  4 2019 04:39:29 by "java_re" with MS VC++ 10.0 (VS2010)

time: Tue Aug 24 18:26:13 2021
timezone: Hora de verano central (México)
elapsed time: 9 seconds (0d 0h 0m 9s)

